This is pdfTeX, Version 3.141592653-2.6-1.40.24 (TeX Live 2022) (preloaded format=pdflatex 2023.3.12)  1 SEP 2025 10:16
entering extended mode
 restricted \write18 enabled.
 file:line:error style messages enabled.
 %&-line parsing enabled.
**convergence.tex
(./convergence.tex
LaTeX2e <2021-11-15> patch level 1
L3 programming layer <2022-02-24>
(/usr/local/texlive/2022/texmf-dist/tex/latex/revtex/revtex4-2.cls
Document Class: revtex4-2 2020/10/03 4.2e (https://journals.aps.org/revtex/ for
 documentation)
 Copyright (c) 2019 American Physical Society.
 mailto:revtex@aps.org
 Licensed under the LPPL:
http://www.ctan.org/tex-archive/macros/latex/base/lppl.txt
 Arthur Ogawa <arthur_ogawa at sbcglobal dot net>
 Based on work by David Carlisle <david at dcarlisle.demon.co.uk>
 Version (4.2d,4.2e): Modified by Mark Doyle and Phelype Oleinik
 .
ltxutil[2020/10/03 4.2e utilities package (portions licensed from W. E. Baxter 
web at superscript.com)]
LaTeX Info: Redefining \@centercr on input line 356.
Class revtex4-2 Info: Repairing hyperref-unfriendly LaTeX definition of \mpfoot
note on input line 481.
Class revtex4-2 Info: Repairing broken LateX \@sect on input line 803.
\intertabularlinepenalty=\count185
\@tbpen=\count186
\@arstrutbox@hline=\box50
Class revtex4-2 Info: Repairing broken LaTeX \@xbitor on input line 1834.
Class revtex4-2 Info: Making \typeout \long on input line 2099.
ltxfront[2020/10/03 4.2e frontmatter package (AO,DPC,MD)]
\c@affil=\count187
\c@collab=\count188
\absbox=\box51
ltxgrid[2020/10/03 4.2e page grid package (portions licensed from W. E. Baxter 
web at superscript.com)]
\c@linecount=\count189
\output@latex=\toks16
\box@size@1=\box52
\box@size@2=\box53
\@protection@box=\box54
\@topmark@saved=\toks17
\footins@saved=\box55
\footins@recovered=\box56
\column@recovered=\box57
\pagesofar=\box58
\footsofar=\box59
\pagegrid@col=\count190
Class revtex4-2 Info: Overriding \@vspace, \@vspacer, \@no@pgbk, \@newline, and
 \\  on input line 5665.
\c@part=\count191
\c@section=\count192
\c@subsection=\count193
\c@subsubsection=\count194
\c@paragraph=\count195
\c@subparagraph=\count196
\abovecaptionskip=\skip47
\belowcaptionskip=\skip48
\c@figure=\count197
\fbox@1=\box60
\c@table=\count198
\fbox@2=\box61
\c@video=\count199
\fbox@4=\box62
\@bibdataout=\write3
\widetext@top=\box63
\widetext@bot=\box64
Class revtex4-2 Info: Selecting society aps on input line 7658.
(/usr/local/texlive/2022/texmf-dist/tex/latex/revtex/aps4-2.rtx
File: aps4-2 2020/10/03 4.2e (https://journals.aps.org/revtex/ for documentatio
n)
Class revtex4-2 Info: RevTeX society APS selected on input line 40.
)
Class revtex4-2 Info: Selecting journal prd on input line 7660.
Class revtex4-2 Info: APS journal PRD selected on input line 7661.

(/usr/local/texlive/2022/texmf-dist/tex/latex/revtex/aps10pt4-2.rtx
File: aps10pt4-2 2020/10/03 4.2e (https://journals.aps.org/revtex/ for document
ation)
Class revtex4-2 Info: RevTeX pointsize 10pt selected on input line 39.
)
(/usr/local/texlive/2022/texmf-dist/tex/latex/textcase/textcase.sty
Package: textcase 2019/09/14 v1.00 Text only upper/lower case changing (DPC)
)
(/usr/local/texlive/2022/texmf-dist/tex/latex/amsfonts/amssymb.sty
Package: amssymb 2013/01/14 v3.01 AMS font symbols

(/usr/local/texlive/2022/texmf-dist/tex/latex/amsfonts/amsfonts.sty
Package: amsfonts 2013/01/14 v3.01 Basic AMSFonts support
\@emptytoks=\toks18
\symAMSa=\mathgroup4
\symAMSb=\mathgroup5
LaTeX Font Info:    Redeclaring math symbol \hbar on input line 98.
LaTeX Font Info:    Overwriting math alphabet `\mathfrak' in version `bold'
(Font)                  U/euf/m/n --> U/euf/b/n on input line 106.
))
(/usr/local/texlive/2022/texmf-dist/tex/latex/amsmath/amsmath.sty
Package: amsmath 2021/10/15 v2.17l AMS math features
\@mathmargin=\skip49

For additional information on amsmath, use the `?' option.
(/usr/local/texlive/2022/texmf-dist/tex/latex/amsmath/amstext.sty
Package: amstext 2021/08/26 v2.01 AMS text

(/usr/local/texlive/2022/texmf-dist/tex/latex/amsmath/amsgen.sty
File: amsgen.sty 1999/11/30 v2.0 generic functions
\@emptytoks=\toks19
\ex@=\dimen138
)
LaTeX Info: Redefining \text on input line 28.
)
(/usr/local/texlive/2022/texmf-dist/tex/latex/amsmath/amsbsy.sty
Package: amsbsy 1999/11/29 v1.2d Bold Symbols
\pmbraise@=\dimen139
)
(/usr/local/texlive/2022/texmf-dist/tex/latex/amsmath/amsopn.sty
Package: amsopn 2021/08/26 v2.02 operator names
)
\inf@bad=\count266
LaTeX Info: Redefining \frac on input line 234.
\uproot@=\count267
\leftroot@=\count268
LaTeX Info: Redefining \overline on input line 399.
\classnum@=\count269
\DOTSCASE@=\count270
LaTeX Info: Redefining \ldots on input line 496.
LaTeX Info: Redefining \dots on input line 499.
LaTeX Info: Redefining \cdots on input line 620.
\Mathstrutbox@=\box65
\strutbox@=\box66
\big@size=\dimen140
LaTeX Font Info:    Redeclaring font encoding OML on input line 743.
LaTeX Font Info:    Redeclaring font encoding OMS on input line 744.
\macc@depth=\count271
\c@MaxMatrixCols=\count272
\dotsspace@=\muskip16
\c@parentequation=\count273
\dspbrk@lvl=\count274
\tag@help=\toks20
\row@=\count275
\column@=\count276
\maxfields@=\count277
\andhelp@=\toks21
\eqnshift@=\dimen141
\alignsep@=\dimen142
\tagshift@=\dimen143
\tagwidth@=\dimen144
\totwidth@=\dimen145
\lineht@=\dimen146
\@envbody=\toks22
\multlinegap=\skip50
\multlinetaggap=\skip51
\mathdisplay@stack=\toks23
LaTeX Info: Redefining \[ on input line 2938.
LaTeX Info: Redefining \] on input line 2939.
)
(/usr/local/texlive/2022/texmf-dist/tex/latex/url/url.sty
\Urlmuskip=\muskip17
Package: url 2013/09/16  ver 3.4  Verb mode for urls, etc.
)
(/usr/local/texlive/2022/texmf-dist/tex/latex/natbib/natbib.sty
Package: natbib 2010/09/13 8.31b (PWD, AO)
\bibhang=\skip52
\bibsep=\skip53
LaTeX Info: Redefining \cite on input line 694.
\c@NAT@ctr=\count278
)
Class revtex4-2 Info: Repairing natbib's \BibitemShut on input line 7665.

(/usr/local/texlive/2022/texmf-dist/tex/latex/revtex/revsymb4-2.sty
Package: revsymb4-2 2020/10/03 4.2e (https://journals.aps.org/revtex/ for docum
entation)
LaTeX Info: Redefining \frak on input line 104.
LaTeX Info: Redefining \Bbb on input line 120.
LaTeX Info: Redefining \REV@mathfrak on input line 128.
))
(/usr/local/texlive/2022/texmf-dist/tex/latex/float/float.sty
Package: float 2001/11/08 v1.3d Float enhancements (AL)
\c@float@type=\count279
\float@exts=\toks24
\float@box=\box67
\@float@everytoks=\toks25
\@floatcapt=\box68
)
(/usr/local/texlive/2022/texmf-dist/tex/latex/graphics/graphicx.sty
Package: graphicx 2021/09/16 v1.2d Enhanced LaTeX Graphics (DPC,SPQR)

(/usr/local/texlive/2022/texmf-dist/tex/latex/graphics/keyval.sty
Package: keyval 2014/10/28 v1.15 key=value parser (DPC)
\KV@toks@=\toks26
)
(/usr/local/texlive/2022/texmf-dist/tex/latex/graphics/graphics.sty
Package: graphics 2021/03/04 v1.4d Standard LaTeX Graphics (DPC,SPQR)

(/usr/local/texlive/2022/texmf-dist/tex/latex/graphics/trig.sty
Package: trig 2021/08/11 v1.11 sin cos tan (DPC)
)
(/usr/local/texlive/2022/texmf-dist/tex/latex/graphics-cfg/graphics.cfg
File: graphics.cfg 2016/06/04 v1.11 sample graphics configuration
)
Package graphics Info: Driver file: pdftex.def on input line 107.

(/usr/local/texlive/2022/texmf-dist/tex/latex/graphics-def/pdftex.def
File: pdftex.def 2020/10/05 v1.2a Graphics/color driver for pdftex
))
\Gin@req@height=\dimen147
\Gin@req@width=\dimen148
)
(/usr/local/texlive/2022/texmf-dist/tex/latex/tools/dcolumn.sty
Package: dcolumn 2014/10/28 v1.06 decimal alignment package (DPC)

(/usr/local/texlive/2022/texmf-dist/tex/latex/tools/array.sty
Package: array 2021/10/04 v2.5f Tabular extension package (FMi)
\col@sep=\dimen149
\ar@mcellbox=\box69
\extrarowheight=\dimen150
\NC@list=\toks27
\extratabsurround=\skip54
\backup@length=\skip55
\ar@cellbox=\box70
))
(/usr/local/texlive/2022/texmf-dist/tex/latex/tools/bm.sty
Package: bm 2021/04/25 v1.2e Bold Symbol Support (DPC/FMi)
\symboldoperators=\mathgroup6
\symboldletters=\mathgroup7
\symboldsymbols=\mathgroup8
Package bm Info: No bold for \OMX/cmex/m/n, using \pmb.
Package bm Info: No bold for \U/msa/m/n, using \pmb.
Package bm Info: No bold for \U/msb/m/n, using \pmb.
LaTeX Font Info:    Redeclaring math alphabet \mathbf on input line 149.
LaTeX Info: Redefining \bm on input line 218.
)
(/usr/local/texlive/2022/texmf-dist/tex/latex/bbold/bbold.sty
Package: bbold 1994/04/06 Bbold symbol package
LaTeX Font Info:    Redeclaring math alphabet \mathbb on input line 42.
)
(/usr/local/texlive/2022/texmf-dist/tex/latex/braket/braket.sty)
(/usr/local/texlive/2022/texmf-dist/tex/latex/bbm-macros/bbm.sty
Package: bbm 1999/03/15 V 1.2 provides fonts for set symbols - TH
LaTeX Font Info:    Overwriting math alphabet `\mathbbm' in version `bold'
(Font)                  U/bbm/m/n --> U/bbm/bx/n on input line 33.
LaTeX Font Info:    Overwriting math alphabet `\mathbbmss' in version `bold'
(Font)                  U/bbmss/m/n --> U/bbmss/bx/n on input line 35.
)
(/usr/local/texlive/2022/texmf-dist/tex/latex/graphics/color.sty
Package: color 2021/12/07 v1.3c Standard LaTeX Color (DPC)

(/usr/local/texlive/2022/texmf-dist/tex/latex/graphics-cfg/color.cfg
File: color.cfg 2016/01/02 v1.6 sample color configuration
)
Package color Info: Driver file: pdftex.def on input line 149.
)
(/usr/local/texlive/2022/texmf-dist/tex/latex/subfigure/subfigure.sty
Package: subfigure 2002/03/15 v2.1.5 subfigure package
\subfigtopskip=\skip56
\subfigcapskip=\skip57
\subfigcaptopadj=\dimen151
\subfigbottomskip=\skip58
\subfigcapmargin=\dimen152
\subfiglabelskip=\skip59
\c@subfigure=\count280
\c@lofdepth=\count281
\c@subtable=\count282
\c@lotdepth=\count283

****************************************
* Local config file subfigure.cfg used *
****************************************
(/usr/local/texlive/2022/texmf-dist/tex/latex/subfigure/subfigure.cfg)
\subfig@top=\skip60
\subfig@bottom=\skip61
)
(/usr/local/texlive/2022/texmf-dist/tex/latex/tools/enumerate.sty
Package: enumerate 2015/07/23 v3.00 enumerate extensions (DPC)
\@enLab=\toks28
)
Package color Info: Redefining color blue on input line 75.
Package color Info: Redefining color green on input line 77.
Package color Info: Redefining color red on input line 79.

(/usr/local/texlive/2022/texmf-dist/tex/latex/tools/xspace.sty
Package: xspace 2014/10/28 v1.13 Space after command names (DPC,MH)
)
(/usr/local/texlive/2022/texmf-dist/tex/latex/siunitx/siunitx.sty
Package: siunitx 2022-02-15 v3.0.49 A comprehensive (SI) units package
\l__siunitx_angle_tmp_dim=\dimen153
\l__siunitx_angle_marker_box=\box71
\l__siunitx_angle_unit_box=\box72
\l__siunitx_compound_count_int=\count284

(/usr/local/texlive/2022/texmf-dist/tex/latex/translations/translations.sty
Package: translations 2022/02/05 v1.12 internationalization of LaTeX2e packages
 (CN)

(/usr/local/texlive/2022/texmf-dist/tex/latex/etoolbox/etoolbox.sty
Package: etoolbox 2020/10/05 v2.5k e-TeX tools for LaTeX (JAW)
\etb@tempcnta=\count285
)
(/usr/local/texlive/2022/texmf-dist/tex/generic/pdftexcmds/pdftexcmds.sty
Package: pdftexcmds 2020-06-27 v0.33 Utility functions of pdfTeX for LuaTeX (HO
)

(/usr/local/texlive/2022/texmf-dist/tex/generic/infwarerr/infwarerr.sty
Package: infwarerr 2019/12/03 v1.5 Providing info/warning/error messages (HO)
)
(/usr/local/texlive/2022/texmf-dist/tex/generic/iftex/iftex.sty
Package: iftex 2022/02/03 v1.0f TeX engine tests
)
(/usr/local/texlive/2022/texmf-dist/tex/generic/ltxcmds/ltxcmds.sty
Package: ltxcmds 2020-05-10 v1.25 LaTeX kernel commands for general use (HO)
)
Package pdftexcmds Info: \pdf@primitive is available.
Package pdftexcmds Info: \pdf@ifprimitive is available.
Package pdftexcmds Info: \pdfdraftmode found.
))
\l__siunitx_number_exponent_fixed_int=\count286
\l__siunitx_number_min_decimal_int=\count287
\l__siunitx_number_min_integer_int=\count288
\l__siunitx_number_round_precision_int=\count289
\l__siunitx_number_group_minimum_int=\count290
\l__siunitx_table_tmp_box=\box73
\l__siunitx_table_tmp_dim=\dimen154
\l__siunitx_table_column_width_dim=\dimen155
\l__siunitx_table_integer_box=\box74
\l__siunitx_table_decimal_box=\box75
\l__siunitx_table_before_box=\box76
\l__siunitx_table_after_box=\box77
\l__siunitx_table_before_dim=\dimen156
\l__siunitx_table_carry_dim=\dimen157
\l__siunitx_unit_tmp_int=\count291
\l__siunitx_unit_position_int=\count292
\l__siunitx_unit_total_int=\count293

(/usr/local/texlive/2022/texmf-dist/tex/latex/l3packages/l3keys2e/l3keys2e.sty
(/usr/local/texlive/2022/texmf-dist/tex/latex/l3kernel/expl3.sty
Package: expl3 2022-02-24 L3 programming layer (loader) 

(/usr/local/texlive/2022/texmf-dist/tex/latex/l3backend/l3backend-pdftex.def
File: l3backend-pdftex.def 2022-02-07 L3 backend support: PDF output (pdfTeX)
\l__color_backend_stack_int=\count294
\l__pdf_internal_box=\box78
))
Package: l3keys2e 2022-01-12 LaTeX2e option processing using LaTeX3 keys
)) (/usr/local/texlive/2022/texmf-dist/tex/latex/l3packages/xfrac/xfrac.sty
(/usr/local/texlive/2022/texmf-dist/tex/latex/base/textcomp.sty
Package: textcomp 2020/02/02 v2.0n Standard LaTeX package
)
(/usr/local/texlive/2022/texmf-dist/tex/latex/l3packages/xparse/xparse.sty
Package: xparse 2022-01-12 L3 Experimental document command parser
)
(/usr/local/texlive/2022/texmf-dist/tex/latex/l3packages/xtemplate/xtemplate.st
y
Package: xtemplate 2022-01-12 L3 Experimental prototype document functions
\l__xtemplate_tmp_dim=\dimen158
\l__xtemplate_tmp_int=\count295
\l__xtemplate_tmp_muskip=\muskip18
\l__xtemplate_tmp_skip=\skip62
)
Package: xfrac 2022-01-12 L3 Experimental split-level fractions
\l__xfrac_slash_box=\box79
\l__xfrac_tmp_box=\box80
\l__xfrac_denominator_bot_sep_dim=\dimen159
\l__xfrac_numerator_bot_sep_dim=\dimen160
\l__xfrac_numerator_top_sep_dim=\dimen161
\l__xfrac_slash_left_sep_dim=\dimen162
\l__xfrac_slash_right_sep_dim=\dimen163
\l__xfrac_slash_left_muskip=\muskip19
\l__xfrac_slash_right_muskip=\muskip20

Package xtemplate Info: Declaring object type 'xfrac' taking 3 argument(s) on
(xtemplate)             line 80.

) (/usr/local/texlive/2022/texmf-dist/tex/latex/hyperref/hyperref.sty
Package: hyperref 2022-02-21 v7.00n Hypertext links for LaTeX

(/usr/local/texlive/2022/texmf-dist/tex/generic/kvsetkeys/kvsetkeys.sty
Package: kvsetkeys 2019/12/15 v1.18 Key value parser (HO)
)
(/usr/local/texlive/2022/texmf-dist/tex/generic/kvdefinekeys/kvdefinekeys.sty
Package: kvdefinekeys 2019-12-19 v1.6 Define keys (HO)
)
(/usr/local/texlive/2022/texmf-dist/tex/generic/pdfescape/pdfescape.sty
Package: pdfescape 2019/12/09 v1.15 Implements pdfTeX's escape features (HO)
)
(/usr/local/texlive/2022/texmf-dist/tex/latex/hycolor/hycolor.sty
Package: hycolor 2020-01-27 v1.10 Color options for hyperref/bookmark (HO)
)
(/usr/local/texlive/2022/texmf-dist/tex/latex/letltxmacro/letltxmacro.sty
Package: letltxmacro 2019/12/03 v1.6 Let assignment for LaTeX macros (HO)
)
(/usr/local/texlive/2022/texmf-dist/tex/latex/auxhook/auxhook.sty
Package: auxhook 2019-12-17 v1.6 Hooks for auxiliary files (HO)
)
(/usr/local/texlive/2022/texmf-dist/tex/latex/kvoptions/kvoptions.sty
Package: kvoptions 2020-10-07 v3.14 Key value format for package options (HO)
)
\@linkdim=\dimen164
\Hy@linkcounter=\count296
\Hy@pagecounter=\count297

(/usr/local/texlive/2022/texmf-dist/tex/latex/hyperref/pd1enc.def
File: pd1enc.def 2022-02-21 v7.00n Hyperref: PDFDocEncoding definition (HO)
Now handling font encoding PD1 ...
... no UTF-8 mapping file for font encoding PD1
)
(/usr/local/texlive/2022/texmf-dist/tex/generic/intcalc/intcalc.sty
Package: intcalc 2019/12/15 v1.3 Expandable calculations with integers (HO)
)
(/usr/local/texlive/2022/texmf-dist/tex/generic/etexcmds/etexcmds.sty
Package: etexcmds 2019/12/15 v1.7 Avoid name clashes with e-TeX commands (HO)
)
\Hy@SavedSpaceFactor=\count298

(/usr/local/texlive/2022/texmf-dist/tex/latex/hyperref/puenc.def
File: puenc.def 2022-02-21 v7.00n Hyperref: PDF Unicode definition (HO)
Now handling font encoding PU ...
... no UTF-8 mapping file for font encoding PU
)
Package hyperref Info: Hyper figures OFF on input line 4137.
Package hyperref Info: Link nesting OFF on input line 4142.
Package hyperref Info: Hyper index ON on input line 4145.
Package hyperref Info: Plain pages OFF on input line 4152.
Package hyperref Info: Backreferencing OFF on input line 4157.
Package hyperref Info: Implicit mode ON; LaTeX internals redefined.
Package hyperref Info: Bookmarks ON on input line 4390.
LaTeX Info: Redefining \href on input line 4660.
\c@Hy@tempcnt=\count299
LaTeX Info: Redefining \url on input line 4749.
\XeTeXLinkMargin=\dimen165

(/usr/local/texlive/2022/texmf-dist/tex/generic/bitset/bitset.sty
Package: bitset 2019/12/09 v1.3 Handle bit-vector datatype (HO)

(/usr/local/texlive/2022/texmf-dist/tex/generic/bigintcalc/bigintcalc.sty
Package: bigintcalc 2019/12/15 v1.5 Expandable calculations on big integers (HO
)
))
\Fld@menulength=\count300
\Field@Width=\dimen166
\Fld@charsize=\dimen167
Package hyperref Info: Hyper figures OFF on input line 6027.
Package hyperref Info: Link nesting OFF on input line 6032.
Package hyperref Info: Hyper index ON on input line 6035.
Package hyperref Info: backreferencing OFF on input line 6042.
Package hyperref Info: Link coloring OFF on input line 6047.
Package hyperref Info: Link coloring with OCG OFF on input line 6052.
Package hyperref Info: PDF/A mode OFF on input line 6057.
LaTeX Info: Redefining \ref on input line 6097.
LaTeX Info: Redefining \pageref on input line 6101.

(/usr/local/texlive/2022/texmf-dist/tex/latex/base/atbegshi-ltx.sty
Package: atbegshi-ltx 2021/01/10 v1.0c Emulation of the original atbegshi
package with kernel methods
)
\Hy@abspage=\count301
\c@Item=\count302
\c@Hfootnote=\count303
)
Package hyperref Info: Driver (autodetected): hpdftex.

(/usr/local/texlive/2022/texmf-dist/tex/latex/hyperref/hpdftex.def
File: hpdftex.def 2022-02-21 v7.00n Hyperref driver for pdfTeX

(/usr/local/texlive/2022/texmf-dist/tex/latex/base/atveryend-ltx.sty
Package: atveryend-ltx 2020/08/19 v1.0a Emulation of the original atveryend pac
kage
with kernel methods
)
\Fld@listcount=\count304
\c@bookmark@seq@number=\count305

(/usr/local/texlive/2022/texmf-dist/tex/latex/rerunfilecheck/rerunfilecheck.sty
Package: rerunfilecheck 2019/12/05 v1.9 Rerun checks for auxiliary files (HO)

(/usr/local/texlive/2022/texmf-dist/tex/generic/uniquecounter/uniquecounter.sty
Package: uniquecounter 2019/12/15 v1.4 Provide unlimited unique counter (HO)
)
Package uniquecounter Info: New unique counter `rerunfilecheck' on input line 2
86.
)
\Hy@SectionHShift=\skip63
) (/usr/local/texlive/2022/texmf-dist/tex/latex/cleveref/cleveref.sty
Package: cleveref 2018/03/27 v0.21.4 Intelligent cross-referencing
Package cleveref Info: `hyperref' support loaded on input line 2370.
LaTeX Info: Redefining \cref on input line 2370.
LaTeX Info: Redefining \Cref on input line 2370.
LaTeX Info: Redefining \crefrange on input line 2370.
LaTeX Info: Redefining \Crefrange on input line 2370.
LaTeX Info: Redefining \cpageref on input line 2370.
LaTeX Info: Redefining \Cpageref on input line 2370.
LaTeX Info: Redefining \cpagerefrange on input line 2370.
LaTeX Info: Redefining \Cpagerefrange on input line 2370.
LaTeX Info: Redefining \labelcref on input line 2370.
LaTeX Info: Redefining \labelcpageref on input line 2370.
Package cleveref Info: include cross-reference names in hyperlinks on input lin
e 7836.
Package cleveref Info: include cross-reference names in hyperlinks on input lin
e 7852.
)
(/usr/local/texlive/2022/texmf-dist/tex/latex/appendix/appendix.sty
Package: appendix 2020/02/08 v1.2c extra appendix facilities
\c@@pps=\count306
\c@@ppsavesec=\count307
\c@@ppsaveapp=\count308
)
(/usr/local/texlive/2022/texmf-dist/tex/latex/xifthen/xifthen.sty
Package: xifthen 2015/11/05 v1.4.0 Extended ifthen features

(/usr/local/texlive/2022/texmf-dist/tex/latex/tools/calc.sty
Package: calc 2017/05/25 v4.3 Infix arithmetic (KKT,FJ)
\calc@Acount=\count309
\calc@Bcount=\count310
\calc@Adimen=\dimen168
\calc@Bdimen=\dimen169
\calc@Askip=\skip64
\calc@Bskip=\skip65
LaTeX Info: Redefining \setlength on input line 80.
LaTeX Info: Redefining \addtolength on input line 81.
\calc@Ccount=\count311
\calc@Cskip=\skip66
)
(/usr/local/texlive/2022/texmf-dist/tex/latex/base/ifthen.sty
Package: ifthen 2020/11/24 v1.1c Standard LaTeX ifthen package (DPC)
)
(/usr/local/texlive/2022/texmf-dist/tex/latex/ifmtarg/ifmtarg.sty
Package: ifmtarg 2018/04/16 v1.2b check for an empty argument
))
(/usr/local/texlive/2022/texmf-dist/tex/latex/xcolor/xcolor.sty
Package: xcolor 2021/10/31 v2.13 LaTeX color extensions (UK)

(/usr/local/texlive/2022/texmf-dist/tex/latex/graphics-cfg/color.cfg
File: color.cfg 2016/01/02 v1.6 sample color configuration
)
Package xcolor Info: Driver file: pdftex.def on input line 227.
LaTeX Info: Redefining \color on input line 711.
Package xcolor Info: Model `cmy' substituted by `cmy0' on input line 1352.
Package xcolor Info: Model `hsb' substituted by `rgb' on input line 1356.
Package xcolor Info: Model `RGB' extended on input line 1368.
Package xcolor Info: Model `HTML' substituted by `rgb' on input line 1370.
Package xcolor Info: Model `Hsb' substituted by `hsb' on input line 1371.
Package xcolor Info: Model `tHsb' substituted by `hsb' on input line 1372.
Package xcolor Info: Model `HSB' substituted by `hsb' on input line 1373.
Package xcolor Info: Model `Gray' substituted by `gray' on input line 1374.
Package xcolor Info: Model `wave' substituted by `hsb' on input line 1375.
)
Package hyperref Info: Option `colorlinks' set `true' on input line 103.
Class revtex4-2 Info: Unrecognized array package. Please update this document c
lass! (Proceeding with fingers crossed.) on input line 198.


Class revtex4-2 Warning: Repair the float package.

Class revtex4-2 Info: cite was not loaded (OK!) on input line 198.
Class revtex4-2 Info: mcite was not loaded (OK!) on input line 198.
Class revtex4-2 Info: multicol was not loaded (OK!) on input line 198.
Package translations Info: No language package found. I am going to use `englis
h' as default language. on input line 198.
No file convergence.aux.
\openout1 = `convergence.aux'.

LaTeX Font Info:    Checking defaults for OML/cmm/m/it on input line 198.
LaTeX Font Info:    ... okay on input line 198.
LaTeX Font Info:    Checking defaults for OMS/cmsy/m/n on input line 198.
LaTeX Font Info:    ... okay on input line 198.
LaTeX Font Info:    Checking defaults for OT1/cmr/m/n on input line 198.
LaTeX Font Info:    ... okay on input line 198.
LaTeX Font Info:    Checking defaults for T1/cmr/m/n on input line 198.
LaTeX Font Info:    ... okay on input line 198.
LaTeX Font Info:    Checking defaults for TS1/cmr/m/n on input line 198.
LaTeX Font Info:    ... okay on input line 198.
LaTeX Font Info:    Checking defaults for OMX/cmex/m/n on input line 198.
LaTeX Font Info:    ... okay on input line 198.
LaTeX Font Info:    Checking defaults for U/cmr/m/n on input line 198.
LaTeX Font Info:    ... okay on input line 198.
LaTeX Font Info:    Checking defaults for PD1/pdf/m/n on input line 198.
LaTeX Font Info:    ... okay on input line 198.
LaTeX Font Info:    Checking defaults for PU/pdf/m/n on input line 198.
LaTeX Font Info:    ... okay on input line 198.
(/usr/local/texlive/2022/texmf-dist/tex/context/base/mkii/supp-pdf.mkii
[Loading MPS to PDF converter (version 2006.09.02).]
\scratchcounter=\count312
\scratchdimen=\dimen170
\scratchbox=\box81
\nofMPsegments=\count313
\nofMParguments=\count314
\everyMPshowfont=\toks29
\MPscratchCnt=\count315
\MPscratchDim=\dimen171
\MPnumerator=\count316
\makeMPintoPDFobject=\count317
\everyMPtoPDFconversion=\toks30
) (/usr/local/texlive/2022/texmf-dist/tex/latex/epstopdf-pkg/epstopdf-base.sty
Package: epstopdf-base 2020-01-24 v2.11 Base part for package epstopdf
Package epstopdf-base Info: Redefining graphics rule for `.eps' on input line 4
85.

(/usr/local/texlive/2022/texmf-dist/tex/latex/latexconfig/epstopdf-sys.cfg
File: epstopdf-sys.cfg 2010/07/13 v1.3 Configuration of (r)epstopdf for TeX Liv
e
))
(/usr/local/texlive/2022/texmf-dist/tex/latex/translations/translations-basic-d
ictionary-english.trsl
File: translations-basic-dictionary-english.trsl (english translation file `tra
nslations-basic-dictionary')
)
Package translations Info: loading dictionary `translations-basic-dictionary' f
or `english'. on input line 198.
Package hyperref Info: Link coloring ON on input line 198.

(/usr/local/texlive/2022/texmf-dist/tex/latex/hyperref/nameref.sty
Package: nameref 2021-04-02 v2.47 Cross-referencing by name of section

(/usr/local/texlive/2022/texmf-dist/tex/latex/refcount/refcount.sty
Package: refcount 2019/12/15 v3.6 Data extraction from label references (HO)
)
(/usr/local/texlive/2022/texmf-dist/tex/generic/gettitlestring/gettitlestring.s
ty
Package: gettitlestring 2019/12/15 v1.6 Cleanup title references (HO)
)
\c@section@level=\count318
)
LaTeX Info: Redefining \ref on input line 198.
LaTeX Info: Redefining \pageref on input line 198.
LaTeX Info: Redefining \nameref on input line 198.
\@outlinefile=\write4
\openout4 = `convergence.out'.

Class revtex4-2 Info: Taking \maketitle back from hyperref on input line 198.
\openout3 = `convergenceNotes.bib'.

LaTeX Font Info:    Trying to load font information for U+msa on input line 220
.
 (/usr/local/texlive/2022/texmf-dist/tex/latex/amsfonts/umsa.fd
File: umsa.fd 2013/01/14 v3.01 AMS symbols A
)
LaTeX Font Info:    Trying to load font information for U+msb on input line 220
.

(/usr/local/texlive/2022/texmf-dist/tex/latex/amsfonts/umsb.fd
File: umsb.fd 2013/01/14 v3.01 AMS symbols B
)

Package natbib Warning: Citation `STAR:2020tga' on page 1 undefined on input li
ne 239.


Package natbib Warning: Citation `STAR:2021iop' on page 1 undefined on input li
ne 239.


Package natbib Warning: Citation `STAR:2021rls' on page 1 undefined on input li
ne 239.


Package natbib Warning: Citation `STAR:2021fge' on page 1 undefined on input li
ne 239.


Package natbib Warning: Citation `Pandav:2020uzx' on page 1 undefined on input 
line 239.


Package natbib Warning: Citation `Bazavov:2009zn' on page 1 undefined on input 
line 239.


Package natbib Warning: Citation `Bazavov:2014pvz' on page 1 undefined on input
 line 239.


Package natbib Warning: Citation `Borsanyi:2013bia' on page 1 undefined on inpu
t line 239.


Package natbib Warning: Citation `HotQCD:2017qwq' on page 1 undefined on input 
line 239.


Package natbib Warning: Citation `Borsanyi:2018grb' on page 1 undefined on inpu
t line 239.


Package natbib Warning: Citation `Bazavov:2020bjn' on page 1 undefined on input
 line 239.


Package natbib Warning: Citation `Borsanyi:2023wno' on page 1 undefined on inpu
t line 239.


Package natbib Warning: Citation `Bollweg:2021vqf' on page 1 undefined on input
 line 239.


Package natbib Warning: Citation `Fu:2019hdw' on page 1 undefined on input line
 239.


Package natbib Warning: Citation `Braun:2020ada' on page 1 undefined on input l
ine 239.


Package natbib Warning: Citation `Mitter:2014wpa' on page 1 undefined on input 
line 239.


Package natbib Warning: Citation `Cyrol:2017ewj' on page 1 undefined on input l
ine 239.


Package natbib Warning: Citation `Braun:2014ata' on page 1 undefined on input l
ine 239.


Package natbib Warning: Citation `Gao:2020fbl' on page 1 undefined on input lin
e 239.


Package natbib Warning: Citation `Bernhardt:2021iql' on page 1 undefined on inp
ut line 239.


Package natbib Warning: Citation `Isserstedt:2019pgx' on page 1 undefined on in
put line 239.


Package natbib Warning: Citation `Lu:2023mkn' on page 1 undefined on input line
 239.


Package natbib Warning: Citation `Fu:2019hdw' on page 1 undefined on input line
 239.


Package natbib Warning: Citation `Gao:2020fbl' on page 1 undefined on input lin
e 239.


Package natbib Warning: Citation `Isserstedt:2019pgx' on page 1 undefined on in
put line 239.


Package natbib Warning: Citation `Guenther:2022wcr' on page 1 undefined on inpu
t line 239.


Package natbib Warning: Citation `Guenther:2020jwe' on page 1 undefined on inpu
t line 239.


Package natbib Warning: Citation `Dupuis:2020fhh' on page 1 undefined on input 
line 239.


Package natbib Warning: Citation `Rennecke:2019lus' on page 1 undefined on inpu
t line 239.


Package natbib Warning: Citation `Fu:2022gou' on page 1 undefined on input line
 239.


Package natbib Warning: Citation `Bazavov:2017dus' on page 1 undefined on input
 line 241.


Package natbib Warning: Citation `HotQCD:2017qwq' on page 1 undefined on input 
line 241.


Package natbib Warning: Citation `Borsanyi:2018grb' on page 1 undefined on inpu
t line 241.


Package natbib Warning: Citation `Bazavov:2020bjn' on page 1 undefined on input
 line 241.


Package natbib Warning: Citation `Borsanyi:2023wno' on page 1 undefined on inpu
t line 241.


Package natbib Warning: Citation `Bazavov:2017dus' on page 1 undefined on input
 line 241.


Package natbib Warning: Citation `Mukherjee:2019eou' on page 1 undefined on inp
ut line 241.


Package natbib Warning: Citation `Borsanyi:2013hza' on page 1 undefined on inpu
t line 241.


Package natbib Warning: Citation `Basar:2021gyi' on page 1 undefined on input l
ine 241.


Package natbib Warning: Citation `Connelly:2020gwa' on page 1 undefined on inpu
t line 241.


Package natbib Warning: Citation `Mukherjee:2021tyg' on page 1 undefined on inp
ut line 241.


Package natbib Warning: Citation `Karsch:2023rfb' on page 1 undefined on input 
line 241.


Package natbib Warning: Citation `Vovchenko:2017gkg' on page 1 undefined on inp
ut line 241.


Package natbib Warning: Citation `Karsch:2010hm' on page 1 undefined on input l
ine 241.


Package natbib Warning: Citation `Datta:2016ukp' on page 1 undefined on input l
ine 241.


Package natbib Warning: Citation `Pasztor:2020dur' on page 1 undefined on input
 line 241.


Package natbib Warning: Citation `Bollweg:2022rps' on page 1 undefined on input
 line 241.


Package natbib Warning: Citation `Mondal:2021jxk' on page 1 undefined on input 
line 241.


Package natbib Warning: Citation `Mukherjee:2021tyg' on page 1 undefined on inp
ut line 241.


Package natbib Warning: Citation `Borsanyi:2021hbk' on page 1 undefined on inpu
t line 241.


Package natbib Warning: Citation `Pasztor:2021ray' on page 1 undefined on input
 line 241.


Package natbib Warning: Citation `Borsanyi:2022soo' on page 1 undefined on inpu
t line 241.


Package natbib Warning: Citation `Borsanyi:2021sxv' on page 1 undefined on inpu
t line 243.


Package natbib Warning: Citation `Borsanyi:2022qlh' on page 1 undefined on inpu
t line 243.


Package natbib Warning: Citation `Fu:2015naa' on page 1 undefined on input line
 245.


Package natbib Warning: Citation `Fu:2021oaw' on page 1 undefined on input line
 245.


Package natbib Warning: Citation `Fu:2023lcm' on page 1 undefined on input line
 245.


LaTeX Warning: Reference `sec:LEFT' on page 1 undefined on input line 247.


LaTeX Warning: Reference `sec:Expansion_Scheme' on page 1 undefined on input li
ne 247.


LaTeX Warning: Reference `sec:res' on page 1 undefined on input line 247.


LaTeX Warning: Reference `sec:sum' on page 1 undefined on input line 247.


Package natbib Warning: Citation `Fu:2015naa' on page 1 undefined on input line
 253.


Package natbib Warning: Citation `Fu:2021oaw' on page 1 undefined on input line
 253.


Package natbib Warning: Citation `Sun:2018ozp' on page 1 undefined on input lin
e 253.


Package natbib Warning: Citation `Fu:2016tey' on page 1 undefined on input line
 253.


Package natbib Warning: Citation `Fu:2023lcm' on page 1 undefined on input line
 253.


Package natbib Warning: Citation `Yin:2019ebz' on page 1 undefined on input lin
e 253.


Package natbib Warning: Citation `Pawlowski:2014zaa' on page 1 undefined on inp
ut line 253.

[1{/usr/local/texlive/2022/texmf-var/fonts/map/pdftex/updmap/pdftex.map}]

Package natbib Warning: Citation `Fu:2021oaw' on page 2 undefined on input line
 271.


Package natbib Warning: Citation `Fu:2015naa' on page 2 undefined on input line
 277.


Package natbib Warning: Citation `Fu:2021oaw' on page 2 undefined on input line
 277.


Package natbib Warning: Citation `Wen:2018nkn' on page 2 undefined on input lin
e 277.


Package natbib Warning: Citation `Fu:2021oaw' on page 2 undefined on input line
 285.


Package natbib Warning: Citation `Wagner:2009pm' on page 2 undefined on input l
ine 303.

[2]
Overfull \hbox (3.68648pt too wide) detected at line 332
[]
 []


Package natbib Warning: Citation `Bollweg:2022rps' on page 3 undefined on input
 line 333.


Package natbib Warning: Citation `Bollweg:2022rps' on page 3 undefined on input
 line 333.


Package natbib Warning: Citation `Vovchenko:2017gkg' on page 3 undefined on inp
ut line 333.


Package hyperref Warning: Token not allowed in a PDF string (Unicode):
(hyperref)                removing `math shift' on input line 335.


Package hyperref Warning: Token not allowed in a PDF string (Unicode):
(hyperref)                removing `math shift' on input line 335.

<chi1_muB.pdf, id=51, 325.215pt x 252.945pt>
File: chi1_muB.pdf Graphic file (type pdf)
<use chi1_muB.pdf>
Package pdftex.def Info: chi1_muB.pdf  used on input line 340.
(pdftex.def)             Requested size: 255.0pt x 198.3384pt.

Overfull \hbox (9.0pt too wide) in paragraph at lines 340--341
 [][] 
 []

<Ext.pdf, id=52, 325.215pt x 252.945pt>
File: Ext.pdf Graphic file (type pdf)
<use Ext.pdf>
Package pdftex.def Info: Ext.pdf  used on input line 349.
(pdftex.def)             Requested size: 255.0pt x 198.3384pt.

Overfull \hbox (9.0pt too wide) in paragraph at lines 349--350
 [][] 
 []


LaTeX Warning: Reference `eq:chi1_res' on page 1 undefined on input line 350.


LaTeX Warning: Reference `eq:T_res' on page 1 undefined on input line 350.


LaTeX Warning: Reference `eq:chi1_res' on page 1 undefined on input line 350.


LaTeX Warning: Reference `eq:T_res' on page 1 undefined on input line 350.

<kappa.pdf, id=53, 325.215pt x 252.945pt>
File: kappa.pdf Graphic file (type pdf)
<use kappa.pdf>
Package pdftex.def Info: kappa.pdf  used on input line 358.
(pdftex.def)             Requested size: 255.0pt x 198.3384pt.

Overfull \hbox (9.0pt too wide) in paragraph at lines 358--359
 [][] 
 []


LaTeX Warning: Reference `eq:T_res' on page 1 undefined on input line 359.


LaTeX Warning: Reference `eq:Talyorcalkappa2' on page 1 undefined on input line
 359.


LaTeX Warning: Reference `eq:Talyorcalkappa6' on page 1 undefined on input line
 359.


Package natbib Warning: Citation `Borsanyi:2021sxv' on page 3 undefined on inpu
t line 359.


LaTeX Warning: Reference `eq:T_res' on page 1 undefined on input line 359.


LaTeX Warning: Reference `eq:Talyorcalkappa2' on page 1 undefined on input line
 359.


LaTeX Warning: Reference `eq:Talyorcalkappa6' on page 1 undefined on input line
 359.


Package natbib Warning: Citation `Borsanyi:2021sxv' on page 3 undefined on inpu
t line 359.

<FixT.pdf, id=54, 975.645pt x 1011.78pt>
File: FixT.pdf Graphic file (type pdf)
<use FixT.pdf>
Package pdftex.def Info: FixT.pdf  used on input line 367.
(pdftex.def)             Requested size: 428.39813pt x 444.25827pt.

Package natbib Warning: Citation `Borsanyi:2021sxv' on page 3 undefined on inpu
t line 373.


Underfull \hbox (badness 1466) in paragraph at lines 373--374
[]\OT1/cmr/m/n/10 Recently, a re-la-tion be-tween the baryon num-ber
 []


Overfull \hbox (2.71953pt too wide) detected at line 381
[]
 []


LaTeX Warning: Reference `fig:chi1_muB' on page 1 undefined on input line 384.


LaTeX Warning: Reference `eq:chi1_res' on page 1 undefined on input line 384.


LaTeX Warning: Reference `fig:chi1_muB' on page 1 undefined on input line 384.


Package natbib Warning: Citation `Borsanyi:2021sxv' on page 3 undefined on inpu
t line 384.

[3 <./chi1_muB.pdf> <./Ext.pdf>]

LaTeX Warning: A float is stuck (cannot be placed); try class option [floatfix]
 on input line 385.


LaTeX Warning: Reference `fig:con_ext' on page 1 undefined on input line 386.


LaTeX Warning: Reference `eq:chi1_res' on page 1 undefined on input line 386.


LaTeX Warning: Reference `eq:T_res' on page 1 undefined on input line 386.


LaTeX Warning: Reference `eq:Taylor' on page 1 undefined on input line 389.


LaTeX Warning: Reference `eq:Talyorchi1' on page 1 undefined on input line 394.



LaTeX Warning: Reference `eq:chi1_res' on page 1 undefined on input line 394.


LaTeX Warning: Reference `eq:T_res' on page 1 undefined on input line 394.


LaTeX Warning: Reference `eq:T_res' on page 1 undefined on input line 410.


Package natbib Warning: Citation `Borsanyi:2021sxv' on page 4 undefined on inpu
t line 410.


LaTeX Warning: Reference `fig:kappa24' on page 1 undefined on input line 412.


LaTeX Warning: Reference `eq:Talyorcalkappa6' on page 1 undefined on input line
 412.


LaTeX Warning: Reference `eq:Talyorcalkappa4' on page 1 undefined on input line
 412.


LaTeX Warning: Reference `eq:Talyorcalkappa2' on page 1 undefined on input line
 412.


Package natbib Warning: Citation `Borsanyi:2021sxv' on page 4 undefined on inpu
t line 412.

[4 <./kappa.pdf>]
<diffchi2_3A.pdf, id=241, 975.645pt x 216.81pt>
File: diffchi2_3A.pdf Graphic file (type pdf)
<use diffchi2_3A.pdf>
Package pdftex.def Info: diffchi2_3A.pdf  used on input line 444.
(pdftex.def)             Requested size: 510.0pt x 113.33401pt.
<diffchi2_3.pdf, id=242, 975.645pt x 216.81pt>
File: diffchi2_3.pdf Graphic file (type pdf)
<use diffchi2_3.pdf>
Package pdftex.def Info: diffchi2_3.pdf  used on input line 445.
(pdftex.def)             Requested size: 510.0pt x 113.33401pt.
<Rconv.pdf, id=243, 325.215pt x 216.81pt>
File: Rconv.pdf Graphic file (type pdf)
<use Rconv.pdf>
Package pdftex.def Info: Rconv.pdf  used on input line 454.
(pdftex.def)             Requested size: 255.0pt x 170.00433pt.

Overfull \hbox (9.0pt too wide) in paragraph at lines 454--455
 [][] 
 []


LaTeX Warning: Reference `fig:pre_sus' on page 1 undefined on input line 460.

[5 <./FixT.pdf>]

LaTeX Warning: Reference `fig:heatchi' on page 1 undefined on input line 462.


Package natbib Warning: Citation `Mukherjee:2019eou' on page 6 undefined on inp
ut line 464.


Package natbib Warning: Citation `Chen:2021iuo' on page 6 undefined on input li
ne 468.


LaTeX Warning: Reference `eq:T_res' on page 1 undefined on input line 468.


Package natbib Warning: Citation `Fu:2019hdw' on page 6 undefined on input line
 468.


Package natbib Warning: Citation `Fu:2021oaw' on page 6 undefined on input line
 468.


Package natbib Warning: Citation `Braun:2023qak' on page 6 undefined on input l
ine 468.


Package natbib Warning: Citation `Mukherjee:2019eou' on page 6 undefined on inp
ut line 468.


LaTeX Warning: Reference `eq:conver-LY' on page 1 undefined on input line 468.


Package natbib Warning: Citation `Mukherjee:2021tyg' on page 6 undefined on inp
ut line 468.


Package natbib Warning: Citation `Wan:2024xeu' on page 6 undefined on input lin
e 468.


Package natbib Warning: Citation `Clarke:2023noy' on page 6 undefined on input 
line 468.


Package natbib Warning: Citation `Guenther:2022wcr' on page 6 undefined on inpu
t line 468.


Package natbib Warning: Citation `Braun:2009gm' on page 6 undefined on input li
ne 468.


Package natbib Warning: Citation `Sun:2018ozp' on page 6 undefined on input lin
e 468.

[6 <./diffchi2_3A.pdf> <./diffchi2_3.pdf> <./Rconv.pdf>]

LaTeX Warning: Reference `fig:Rconv' on page 1 undefined on input line 470.


LaTeX Warning: Reference `subsec:T_exp' on page 1 undefined on input line 470.

(./convergence.bbl

LaTeX Warning: Reference `LastBibItem' on page 7 undefined on input line 9.

[7]
Underfull \hbox (badness 2990) in paragraph at lines 287--297
 []\OT1/cmr/m/n/9 A. K. Cy-rol, M. Mit-ter, J. M. Pawlowski, and
 []


Underfull \hbox (badness 2181) in paragraph at lines 452--460
 \OT1/cmr/m/n/9 ex-per-i-ment, [][]Phys. Rev. Lett. \OT1/cmr/bx/n/9 111\OT1/cmr
/m/n/9 , 062005 (2013)[][],
 []


Underfull \hbox (badness 3078) in paragraph at lines 518--527
 []\OT1/cmr/m/n/9 V. Vovchenko, J. Stein-heimer, O. Philipsen, and
 []

[8]
Underfull \hbox (badness 1442) in paragraph at lines 689--698
 []\OT1/cmr/m/n/9 S. Bor-sanyi, J. N. Guen-ther, R. Kara, Z. Fodor,
 []


Underfull \hbox (badness 1210) in paragraph at lines 819--828
 \OT1/cmr/m/n/9 phase di-a-gram, [][]Phys. Rev. D \OT1/cmr/bx/n/9 104\OT1/cmr/m
/n/9 , 054009 (2021)[][],
 []


Underfull \hbox (badness 1342) in paragraph at lines 874--881
 []\OT1/cmr/m/n/9 J. Braun, L. M. Haas, F. Marhauser, and J. M.
 []

)

Package natbib Warning: There were undefined citations.

[9] (./convergence.aux

Package natbib Warning: Citation(s) may have changed.
(natbib)                Rerun to get citations correct.

)

LaTeX Warning: There were undefined references.


LaTeX Warning: Label(s) may have changed. Rerun to get cross-references right.


Package rerunfilecheck Warning: File `convergence.out' has changed.
(rerunfilecheck)                Rerun to get outlines right
(rerunfilecheck)                or use package `bookmark'.

Package rerunfilecheck Info: Checksums for `convergence.out':
(rerunfilecheck)             Before: <no file>
(rerunfilecheck)             After:  29DF9E57450E1F7593BB57EA9887D69B;1918.
 ) 
Here is how much of TeX's memory you used:
 18862 strings out of 478268
 359208 string characters out of 5846347
 663849 words of memory out of 5000000
 36712 multiletter control sequences out of 15000+600000
 482080 words of font info for 75 fonts, out of 8000000 for 9000
 1141 hyphenation exceptions out of 8191
 71i,13n,79p,2036b,1029s stack positions out of 10000i,1000n,20000p,200000b,200000s
</usr/local/texlive/2022/texmf-dist/fonts/type1/public/amsfonts/cm/cmbx10.pfb
></usr/local/texlive/2022/texmf-dist/fonts/type1/public/amsfonts/cm/cmbx12.pfb>
</usr/local/texlive/2022/texmf-dist/fonts/type1/public/amsfonts/cm/cmbx9.pfb></
usr/local/texlive/2022/texmf-dist/fonts/type1/public/amsfonts/cm/cmex10.pfb></u
sr/local/texlive/2022/texmf-dist/fonts/type1/public/amsfonts/cm/cmmi10.pfb></us
r/local/texlive/2022/texmf-dist/fonts/type1/public/amsfonts/cm/cmmi5.pfb></usr/
local/texlive/2022/texmf-dist/fonts/type1/public/amsfonts/cm/cmmi6.pfb></usr/lo
cal/texlive/2022/texmf-dist/fonts/type1/public/amsfonts/cm/cmmi7.pfb></usr/loca
l/texlive/2022/texmf-dist/fonts/type1/public/amsfonts/cm/cmmi9.pfb></usr/local/
texlive/2022/texmf-dist/fonts/type1/public/amsfonts/cm/cmr10.pfb></usr/local/te
xlive/2022/texmf-dist/fonts/type1/public/amsfonts/cm/cmr5.pfb></usr/local/texli
ve/2022/texmf-dist/fonts/type1/public/amsfonts/cm/cmr6.pfb></usr/local/texlive/
2022/texmf-dist/fonts/type1/public/amsfonts/cm/cmr7.pfb></usr/local/texlive/202
2/texmf-dist/fonts/type1/public/amsfonts/cm/cmr8.pfb></usr/local/texlive/2022/t
exmf-dist/fonts/type1/public/amsfonts/cm/cmr9.pfb></usr/local/texlive/2022/texm
f-dist/fonts/type1/public/amsfonts/cm/cmsy10.pfb></usr/local/texlive/2022/texmf
-dist/fonts/type1/public/amsfonts/cm/cmsy6.pfb></usr/local/texlive/2022/texmf-d
ist/fonts/type1/public/amsfonts/cm/cmsy7.pfb></usr/local/texlive/2022/texmf-dis
t/fonts/type1/public/amsfonts/cm/cmsy9.pfb></usr/local/texlive/2022/texmf-dist/
fonts/type1/public/amsfonts/cm/cmti9.pfb></usr/local/texlive/2022/texmf-dist/fo
nts/type1/public/amsfonts/symbols/msam10.pfb>
Output written on convergence.pdf (9 pages, 1115408 bytes).
PDF statistics:
 875 PDF objects out of 1000 (max. 8388607)
 473 compressed objects within 5 object streams
 114 named destinations out of 1000 (max. 500000)
 36 words of extra memory for PDF output out of 10000 (max. 10000000)

